2024-08-02T11:44:50.633+07:00  INFO 9412 --- [drink-service] [main] c.e.d.DrinkServiceApplication            : Starting DrinkServiceApplication using Java 17.0.10 with PID 9412 (C:\Users\Admin\Downloads\Server\Quan_li_do_uong\drink-service\target\classes started by Admin in C:\Users\Admin\Downloads\Server\Quan_li_do_uong\drink-service)
2024-08-02T11:44:50.649+07:00  INFO 9412 --- [drink-service] [main] c.e.d.DrinkServiceApplication            : No active profile set, falling back to 1 default profile: "default"
2024-08-02T11:44:52.134+07:00  INFO 9412 --- [drink-service] [main] .s.d.r.c.RepositoryConfigurationDelegate : Bootstrapping Spring Data JPA repositories in DEFAULT mode.
2024-08-02T11:44:52.247+07:00  INFO 9412 --- [drink-service] [main] .s.d.r.c.RepositoryConfigurationDelegate : Finished Spring Data repository scanning in 103 ms. Found 1 JPA repository interface.
2024-08-02T11:44:52.755+07:00  INFO 9412 --- [drink-service] [main] o.s.cloud.context.scope.GenericScope     : BeanFactory id=96988224-1fd5-3768-be92-24e3a819434b
2024-08-02T11:44:53.204+07:00  WARN 9412 --- [drink-service] [main] trationDelegate$BeanPostProcessorChecker : Bean 'org.springframework.cloud.client.loadbalancer.LoadBalancerAutoConfiguration$DeferringLoadBalancerInterceptorConfig' of type [org.springframework.cloud.client.loadbalancer.LoadBalancerAutoConfiguration$DeferringLoadBalancerInterceptorConfig] is not eligible for getting processed by all BeanPostProcessors (for example: not eligible for auto-proxying). The currently created BeanPostProcessor [lbRestClientPostProcessor] is declared through a non-static factory method on that class; consider declaring it as static instead.
2024-08-02T11:44:53.210+07:00  WARN 9412 --- [drink-service] [main] trationDelegate$BeanPostProcessorChecker : Bean 'deferringLoadBalancerInterceptor' of type [org.springframework.cloud.client.loadbalancer.DeferringLoadBalancerInterceptor] is not eligible for getting processed by all BeanPostProcessors (for example: not eligible for auto-proxying). Is this bean getting eagerly injected into a currently created BeanPostProcessor [lbRestClientPostProcessor]? Check the corresponding BeanPostProcessor declaration and its dependencies.
2024-08-02T11:44:53.604+07:00  INFO 9412 --- [drink-service] [main] o.s.b.w.embedded.tomcat.TomcatWebServer  : Tomcat initialized with port 8000 (http)
2024-08-02T11:44:53.623+07:00  INFO 9412 --- [drink-service] [main] o.apache.catalina.core.StandardService   : Starting service [Tomcat]
2024-08-02T11:44:53.625+07:00  INFO 9412 --- [drink-service] [main] o.apache.catalina.core.StandardEngine    : Starting Servlet engine: [Apache Tomcat/10.1.26]
2024-08-02T11:44:53.733+07:00  INFO 9412 --- [drink-service] [main] o.a.c.c.C.[Tomcat].[localhost].[/]       : Initializing Spring embedded WebApplicationContext
2024-08-02T11:44:53.733+07:00  INFO 9412 --- [drink-service] [main] w.s.c.ServletWebServerApplicationContext : Root WebApplicationContext: initialization completed in 2990 ms
2024-08-02T11:44:54.006+07:00  INFO 9412 --- [drink-service] [main] o.hibernate.jpa.internal.util.LogHelper  : HHH000204: Processing PersistenceUnitInfo [name: default]
2024-08-02T11:44:54.096+07:00  INFO 9412 --- [drink-service] [main] org.hibernate.Version                    : HHH000412: Hibernate ORM core version 6.5.2.Final
2024-08-02T11:44:54.153+07:00  INFO 9412 --- [drink-service] [main] o.h.c.internal.RegionFactoryInitiator    : HHH000026: Second-level cache disabled
2024-08-02T11:44:54.506+07:00  INFO 9412 --- [drink-service] [main] o.s.o.j.p.SpringPersistenceUnitInfo      : No LoadTimeWeaver setup: ignoring JPA class transformer
2024-08-02T11:44:54.534+07:00  INFO 9412 --- [drink-service] [main] com.zaxxer.hikari.HikariDataSource       : HikariPool-1 - Starting...
2024-08-02T11:44:54.912+07:00  INFO 9412 --- [drink-service] [main] com.zaxxer.hikari.pool.HikariPool        : HikariPool-1 - Added connection com.mysql.cj.jdbc.ConnectionImpl@1ab1d93d
2024-08-02T11:44:54.914+07:00  INFO 9412 --- [drink-service] [main] com.zaxxer.hikari.HikariDataSource       : HikariPool-1 - Start completed.
2024-08-02T11:44:55.033+07:00 DEBUG 9412 --- [drink-service] [main] o.h.t.d.sql.spi.DdlTypeRegistry          : addDescriptor(12, org.hibernate.type.descriptor.sql.internal.CapacityDependentDdlType@838e109) replaced previous registration(org.hibernate.type.descriptor.sql.internal.CapacityDependentDdlType@7474196)
2024-08-02T11:44:55.034+07:00 DEBUG 9412 --- [drink-service] [main] o.h.t.d.sql.spi.DdlTypeRegistry          : addDescriptor(-9, org.hibernate.type.descriptor.sql.internal.CapacityDependentDdlType@11ee671f) replaced previous registration(org.hibernate.type.descriptor.sql.internal.CapacityDependentDdlType@18209303)
2024-08-02T11:44:55.034+07:00 DEBUG 9412 --- [drink-service] [main] o.h.t.d.sql.spi.DdlTypeRegistry          : addDescriptor(-3, org.hibernate.type.descriptor.sql.internal.CapacityDependentDdlType@57df09a7) replaced previous registration(org.hibernate.type.descriptor.sql.internal.CapacityDependentDdlType@6aa9a93b)
2024-08-02T11:44:55.034+07:00 DEBUG 9412 --- [drink-service] [main] o.h.t.d.sql.spi.DdlTypeRegistry          : addDescriptor(4003, org.hibernate.type.descriptor.sql.internal.DdlTypeImpl@81dfdee) replaced previous registration(org.hibernate.type.descriptor.sql.internal.DdlTypeImpl@14b9df65)
2024-08-02T11:44:55.034+07:00 DEBUG 9412 --- [drink-service] [main] o.h.t.d.sql.spi.DdlTypeRegistry          : addDescriptor(4001, org.hibernate.type.descriptor.sql.internal.DdlTypeImpl@3b046e64) replaced previous registration(org.hibernate.type.descriptor.sql.internal.DdlTypeImpl@1c43e84e)
2024-08-02T11:44:55.035+07:00 DEBUG 9412 --- [drink-service] [main] o.h.t.d.sql.spi.DdlTypeRegistry          : addDescriptor(4002, org.hibernate.type.descriptor.sql.internal.DdlTypeImpl@7bd694a5) replaced previous registration(org.hibernate.type.descriptor.sql.internal.DdlTypeImpl@21ce2e4d)
2024-08-02T11:44:55.035+07:00 DEBUG 9412 --- [drink-service] [main] o.h.t.d.sql.spi.DdlTypeRegistry          : addDescriptor(2004, org.hibernate.type.descriptor.sql.internal.CapacityDependentDdlType@3921135e) replaced previous registration(org.hibernate.type.descriptor.sql.internal.DdlTypeImpl@3a239dac)
2024-08-02T11:44:55.035+07:00 DEBUG 9412 --- [drink-service] [main] o.h.t.d.sql.spi.DdlTypeRegistry          : addDescriptor(2005, org.hibernate.type.descriptor.sql.internal.CapacityDependentDdlType@759f45f1) replaced previous registration(org.hibernate.type.descriptor.sql.internal.DdlTypeImpl@2573b149)
2024-08-02T11:44:55.035+07:00 DEBUG 9412 --- [drink-service] [main] o.h.t.d.sql.spi.DdlTypeRegistry          : addDescriptor(2011, org.hibernate.type.descriptor.sql.internal.CapacityDependentDdlType@1479ed5a) replaced previous registration(org.hibernate.type.descriptor.sql.internal.DdlTypeImpl@3211cc84)
2024-08-02T11:44:56.138+07:00  INFO 9412 --- [drink-service] [main] o.h.e.t.j.p.i.JtaPlatformInitiator       : HHH000489: No JTA platform available (set 'hibernate.transaction.jta.platform' to enable JTA platform integration)
2024-08-02T11:44:56.143+07:00  INFO 9412 --- [drink-service] [main] j.LocalContainerEntityManagerFactoryBean : Initialized JPA EntityManagerFactory for persistence unit 'default'
2024-08-02T11:44:56.807+07:00  WARN 9412 --- [drink-service] [main] JpaBaseConfiguration$JpaWebConfiguration : spring.jpa.open-in-view is enabled by default. Therefore, database queries may be performed during view rendering. Explicitly configure spring.jpa.open-in-view to disable this warning
2024-08-02T11:44:57.168+07:00  INFO 9412 --- [drink-service] [main] o.s.c.openfeign.FeignClientFactoryBean   : For 'topping-service' URL not provided. Will try picking an instance via load-balancing.
2024-08-02T11:44:59.632+07:00  INFO 9412 --- [drink-service] [main] DiscoveryClientOptionalArgsConfiguration : Eureka HTTP Client uses RestTemplate.
2024-08-02T11:44:59.703+07:00  WARN 9412 --- [drink-service] [main] iguration$LoadBalancerCaffeineWarnLogger : Spring Cloud LoadBalancer is currently working with the default cache. While this cache implementation is useful for development and tests, it's recommended to use Caffeine cache in production.You can switch to using Caffeine cache, by adding it and org.springframework.cache.caffeine.CaffeineCacheManager to the classpath.
2024-08-02T11:44:59.776+07:00  INFO 9412 --- [drink-service] [main] o.s.c.n.eureka.InstanceInfoFactory       : Setting initial instance status as: STARTING
2024-08-02T11:44:59.799+07:00  INFO 9412 --- [drink-service] [main] com.netflix.discovery.DiscoveryClient    : Initializing Eureka in region us-east-1
2024-08-02T11:44:59.803+07:00  INFO 9412 --- [drink-service] [main] c.n.d.s.r.aws.ConfigClusterResolver      : Resolving eureka endpoints via configuration
2024-08-02T11:44:59.812+07:00  INFO 9412 --- [drink-service] [main] com.netflix.discovery.DiscoveryClient    : Disable delta property : false
2024-08-02T11:44:59.812+07:00  INFO 9412 --- [drink-service] [main] com.netflix.discovery.DiscoveryClient    : Single vip registry refresh property : null
2024-08-02T11:44:59.812+07:00  INFO 9412 --- [drink-service] [main] com.netflix.discovery.DiscoveryClient    : Force full registry fetch : false
2024-08-02T11:44:59.812+07:00  INFO 9412 --- [drink-service] [main] com.netflix.discovery.DiscoveryClient    : Application is null : false
2024-08-02T11:44:59.812+07:00  INFO 9412 --- [drink-service] [main] com.netflix.discovery.DiscoveryClient    : Registered Applications size is zero : true
2024-08-02T11:44:59.812+07:00  INFO 9412 --- [drink-service] [main] com.netflix.discovery.DiscoveryClient    : Application version is -1: true
2024-08-02T11:44:59.813+07:00  INFO 9412 --- [drink-service] [main] com.netflix.discovery.DiscoveryClient    : Getting all instance registry info from the eureka server
2024-08-02T11:45:00.307+07:00  INFO 9412 --- [drink-service] [main] com.netflix.discovery.DiscoveryClient    : The response status is 200
2024-08-02T11:45:00.323+07:00  INFO 9412 --- [drink-service] [main] com.netflix.discovery.DiscoveryClient    : Starting heartbeat executor: renew interval is: 30
2024-08-02T11:45:00.323+07:00  INFO 9412 --- [drink-service] [main] c.n.discovery.InstanceInfoReplicator     : InstanceInfoReplicator onDemand update allowed rate per min is 4
2024-08-02T11:45:00.323+07:00  INFO 9412 --- [drink-service] [main] com.netflix.discovery.DiscoveryClient    : Discovery Client initialized at timestamp 1722573900323 with initial instances count: 0
2024-08-02T11:45:00.323+07:00  INFO 9412 --- [drink-service] [main] o.s.c.n.e.s.EurekaServiceRegistry        : Registering application DRINK-SERVICE with eureka with status UP
2024-08-02T11:45:00.338+07:00  INFO 9412 --- [drink-service] [main] com.netflix.discovery.DiscoveryClient    : Saw local status change event StatusChangeEvent [timestamp=1722573900338, current=UP, previous=STARTING]
2024-08-02T11:45:00.338+07:00  INFO 9412 --- [drink-service] [DiscoveryClient-InstanceInfoReplicator-%d] com.netflix.discovery.DiscoveryClient    : DiscoveryClient_DRINK-SERVICE/host.docker.internal:drink-service:8000: registering service...
2024-08-02T11:45:00.369+07:00  INFO 9412 --- [drink-service] [main] o.s.b.w.embedded.tomcat.TomcatWebServer  : Tomcat started on port 8000 (http) with context path '/'
2024-08-02T11:45:00.369+07:00  INFO 9412 --- [drink-service] [main] .s.c.n.e.s.EurekaAutoServiceRegistration : Updating port to 8000
2024-08-02T11:45:00.480+07:00  INFO 9412 --- [drink-service] [DiscoveryClient-InstanceInfoReplicator-%d] com.netflix.discovery.DiscoveryClient    : DiscoveryClient_DRINK-SERVICE/host.docker.internal:drink-service:8000 - registration status: 204
2024-08-02T11:45:00.627+07:00  INFO 9412 --- [drink-service] [main] c.e.d.DrinkServiceApplication            : Started DrinkServiceApplication in 10.851 seconds (process running for 12.143)
2024-08-02T11:45:22.793+07:00  INFO 9412 --- [drink-service] [http-nio-8000-exec-1] o.a.c.c.C.[Tomcat].[localhost].[/]       : Initializing Spring DispatcherServlet 'dispatcherServlet'
2024-08-02T11:45:22.793+07:00  INFO 9412 --- [drink-service] [http-nio-8000-exec-1] o.s.web.servlet.DispatcherServlet        : Initializing Servlet 'dispatcherServlet'
2024-08-02T11:45:22.793+07:00  INFO 9412 --- [drink-service] [http-nio-8000-exec-1] o.s.web.servlet.DispatcherServlet        : Completed initialization in 0 ms
2024-08-02T11:45:30.329+07:00  INFO 9412 --- [drink-service] [DiscoveryClient-CacheRefreshExecutor-%d] com.netflix.discovery.DiscoveryClient    : Disable delta property : false
2024-08-02T11:45:30.329+07:00  INFO 9412 --- [drink-service] [DiscoveryClient-CacheRefreshExecutor-%d] com.netflix.discovery.DiscoveryClient    : Single vip registry refresh property : null
2024-08-02T11:45:30.329+07:00  INFO 9412 --- [drink-service] [DiscoveryClient-CacheRefreshExecutor-%d] com.netflix.discovery.DiscoveryClient    : Force full registry fetch : false
2024-08-02T11:45:30.329+07:00  INFO 9412 --- [drink-service] [DiscoveryClient-CacheRefreshExecutor-%d] com.netflix.discovery.DiscoveryClient    : Application is null : false
2024-08-02T11:45:30.329+07:00  INFO 9412 --- [drink-service] [DiscoveryClient-CacheRefreshExecutor-%d] com.netflix.discovery.DiscoveryClient    : Registered Applications size is zero : true
2024-08-02T11:45:30.329+07:00  INFO 9412 --- [drink-service] [DiscoveryClient-CacheRefreshExecutor-%d] com.netflix.discovery.DiscoveryClient    : Application version is -1: false
2024-08-02T11:45:30.329+07:00  INFO 9412 --- [drink-service] [DiscoveryClient-CacheRefreshExecutor-%d] com.netflix.discovery.DiscoveryClient    : Getting all instance registry info from the eureka server
2024-08-02T11:45:30.345+07:00  INFO 9412 --- [drink-service] [DiscoveryClient-CacheRefreshExecutor-%d] com.netflix.discovery.DiscoveryClient    : The response status is 200
2024-08-02T11:49:59.820+07:00  INFO 9412 --- [drink-service] [AsyncResolver-bootstrap-executor-%d] c.n.d.s.r.aws.ConfigClusterResolver      : Resolving eureka endpoints via configuration
2024-08-02T11:54:59.824+07:00  INFO 9412 --- [drink-service] [AsyncResolver-bootstrap-executor-%d] c.n.d.s.r.aws.ConfigClusterResolver      : Resolving eureka endpoints via configuration
2024-08-02T11:59:59.841+07:00  INFO 9412 --- [drink-service] [AsyncResolver-bootstrap-executor-%d] c.n.d.s.r.aws.ConfigClusterResolver      : Resolving eureka endpoints via configuration
2024-08-02T12:04:59.855+07:00  INFO 9412 --- [drink-service] [AsyncResolver-bootstrap-executor-%d] c.n.d.s.r.aws.ConfigClusterResolver      : Resolving eureka endpoints via configuration
2024-08-02T12:09:59.856+07:00  INFO 9412 --- [drink-service] [AsyncResolver-bootstrap-executor-%d] c.n.d.s.r.aws.ConfigClusterResolver      : Resolving eureka endpoints via configuration
2024-08-02T12:14:59.864+07:00  INFO 9412 --- [drink-service] [AsyncResolver-bootstrap-executor-%d] c.n.d.s.r.aws.ConfigClusterResolver      : Resolving eureka endpoints via configuration
2024-08-02T12:19:59.871+07:00  INFO 9412 --- [drink-service] [AsyncResolver-bootstrap-executor-%d] c.n.d.s.r.aws.ConfigClusterResolver      : Resolving eureka endpoints via configuration
2024-08-02T12:24:59.883+07:00  INFO 9412 --- [drink-service] [AsyncResolver-bootstrap-executor-%d] c.n.d.s.r.aws.ConfigClusterResolver      : Resolving eureka endpoints via configuration
2024-08-02T12:29:59.892+07:00  INFO 9412 --- [drink-service] [AsyncResolver-bootstrap-executor-%d] c.n.d.s.r.aws.ConfigClusterResolver      : Resolving eureka endpoints via configuration
2024-08-02T12:34:59.906+07:00  INFO 9412 --- [drink-service] [AsyncResolver-bootstrap-executor-%d] c.n.d.s.r.aws.ConfigClusterResolver      : Resolving eureka endpoints via configuration
2024-08-02T14:02:06.072+07:00  INFO 14832 --- [drink-service] [main] c.e.d.DrinkServiceApplication            : Starting DrinkServiceApplication using Java 17.0.10 with PID 14832 (C:\Users\Admin\Downloads\Server\Quan_li_do_uong\drink-service\target\classes started by Admin in C:\Users\Admin\Downloads\Server\Quan_li_do_uong\drink-service)
2024-08-02T14:02:06.072+07:00  INFO 14832 --- [drink-service] [main] c.e.d.DrinkServiceApplication            : No active profile set, falling back to 1 default profile: "default"
2024-08-02T14:02:07.565+07:00  INFO 14832 --- [drink-service] [main] .s.d.r.c.RepositoryConfigurationDelegate : Bootstrapping Spring Data JPA repositories in DEFAULT mode.
2024-08-02T14:02:07.642+07:00  INFO 14832 --- [drink-service] [main] .s.d.r.c.RepositoryConfigurationDelegate : Finished Spring Data repository scanning in 76 ms. Found 1 JPA repository interface.
2024-08-02T14:02:08.087+07:00  INFO 14832 --- [drink-service] [main] o.s.cloud.context.scope.GenericScope     : BeanFactory id=96988224-1fd5-3768-be92-24e3a819434b
2024-08-02T14:02:08.402+07:00  WARN 14832 --- [drink-service] [main] trationDelegate$BeanPostProcessorChecker : Bean 'org.springframework.cloud.client.loadbalancer.LoadBalancerAutoConfiguration$DeferringLoadBalancerInterceptorConfig' of type [org.springframework.cloud.client.loadbalancer.LoadBalancerAutoConfiguration$DeferringLoadBalancerInterceptorConfig] is not eligible for getting processed by all BeanPostProcessors (for example: not eligible for auto-proxying). The currently created BeanPostProcessor [lbRestClientPostProcessor] is declared through a non-static factory method on that class; consider declaring it as static instead.
2024-08-02T14:02:08.402+07:00  WARN 14832 --- [drink-service] [main] trationDelegate$BeanPostProcessorChecker : Bean 'deferringLoadBalancerInterceptor' of type [org.springframework.cloud.client.loadbalancer.DeferringLoadBalancerInterceptor] is not eligible for getting processed by all BeanPostProcessors (for example: not eligible for auto-proxying). Is this bean getting eagerly injected into a currently created BeanPostProcessor [lbRestClientPostProcessor]? Check the corresponding BeanPostProcessor declaration and its dependencies.
2024-08-02T14:02:08.847+07:00  INFO 14832 --- [drink-service] [main] o.s.b.w.embedded.tomcat.TomcatWebServer  : Tomcat initialized with port 8000 (http)
2024-08-02T14:02:08.859+07:00  INFO 14832 --- [drink-service] [main] o.apache.catalina.core.StandardService   : Starting service [Tomcat]
2024-08-02T14:02:08.859+07:00  INFO 14832 --- [drink-service] [main] o.apache.catalina.core.StandardEngine    : Starting Servlet engine: [Apache Tomcat/10.1.26]
2024-08-02T14:02:08.938+07:00  INFO 14832 --- [drink-service] [main] o.a.c.c.C.[Tomcat].[localhost].[/]       : Initializing Spring embedded WebApplicationContext
2024-08-02T14:02:08.938+07:00  INFO 14832 --- [drink-service] [main] w.s.c.ServletWebServerApplicationContext : Root WebApplicationContext: initialization completed in 2779 ms
2024-08-02T14:02:09.120+07:00  INFO 14832 --- [drink-service] [main] o.hibernate.jpa.internal.util.LogHelper  : HHH000204: Processing PersistenceUnitInfo [name: default]
2024-08-02T14:02:09.161+07:00  INFO 14832 --- [drink-service] [main] org.hibernate.Version                    : HHH000412: Hibernate ORM core version 6.5.2.Final
2024-08-02T14:02:09.208+07:00  INFO 14832 --- [drink-service] [main] o.h.c.internal.RegionFactoryInitiator    : HHH000026: Second-level cache disabled
2024-08-02T14:02:09.557+07:00  INFO 14832 --- [drink-service] [main] o.s.o.j.p.SpringPersistenceUnitInfo      : No LoadTimeWeaver setup: ignoring JPA class transformer
2024-08-02T14:02:09.571+07:00  INFO 14832 --- [drink-service] [main] com.zaxxer.hikari.HikariDataSource       : HikariPool-1 - Starting...
2024-08-02T14:02:09.887+07:00  INFO 14832 --- [drink-service] [main] com.zaxxer.hikari.pool.HikariPool        : HikariPool-1 - Added connection com.mysql.cj.jdbc.ConnectionImpl@47d81427
2024-08-02T14:02:09.890+07:00  INFO 14832 --- [drink-service] [main] com.zaxxer.hikari.HikariDataSource       : HikariPool-1 - Start completed.
2024-08-02T14:02:09.984+07:00 DEBUG 14832 --- [drink-service] [main] o.h.t.d.sql.spi.DdlTypeRegistry          : addDescriptor(12, org.hibernate.type.descriptor.sql.internal.CapacityDependentDdlType@2cc97e47) replaced previous registration(org.hibernate.type.descriptor.sql.internal.CapacityDependentDdlType@74a03bd5)
2024-08-02T14:02:09.984+07:00 DEBUG 14832 --- [drink-service] [main] o.h.t.d.sql.spi.DdlTypeRegistry          : addDescriptor(-9, org.hibernate.type.descriptor.sql.internal.CapacityDependentDdlType@87fc0fc) replaced previous registration(org.hibernate.type.descriptor.sql.internal.CapacityDependentDdlType@671f545b)
2024-08-02T14:02:09.984+07:00 DEBUG 14832 --- [drink-service] [main] o.h.t.d.sql.spi.DdlTypeRegistry          : addDescriptor(-3, org.hibernate.type.descriptor.sql.internal.CapacityDependentDdlType@c335b9) replaced previous registration(org.hibernate.type.descriptor.sql.internal.CapacityDependentDdlType@75c8d8e7)
2024-08-02T14:02:09.984+07:00 DEBUG 14832 --- [drink-service] [main] o.h.t.d.sql.spi.DdlTypeRegistry          : addDescriptor(4003, org.hibernate.type.descriptor.sql.internal.DdlTypeImpl@3c68e82) replaced previous registration(org.hibernate.type.descriptor.sql.internal.DdlTypeImpl@1e66bf2d)
2024-08-02T14:02:09.984+07:00 DEBUG 14832 --- [drink-service] [main] o.h.t.d.sql.spi.DdlTypeRegistry          : addDescriptor(4001, org.hibernate.type.descriptor.sql.internal.DdlTypeImpl@7112fa5) replaced previous registration(org.hibernate.type.descriptor.sql.internal.DdlTypeImpl@342dc040)
2024-08-02T14:02:09.984+07:00 DEBUG 14832 --- [drink-service] [main] o.h.t.d.sql.spi.DdlTypeRegistry          : addDescriptor(4002, org.hibernate.type.descriptor.sql.internal.DdlTypeImpl@3a8ead9) replaced previous registration(org.hibernate.type.descriptor.sql.internal.DdlTypeImpl@281ca256)
2024-08-02T14:02:09.984+07:00 DEBUG 14832 --- [drink-service] [main] o.h.t.d.sql.spi.DdlTypeRegistry          : addDescriptor(2004, org.hibernate.type.descriptor.sql.internal.CapacityDependentDdlType@26feccf7) replaced previous registration(org.hibernate.type.descriptor.sql.internal.DdlTypeImpl@7c8b37a8)
2024-08-02T14:02:09.984+07:00 DEBUG 14832 --- [drink-service] [main] o.h.t.d.sql.spi.DdlTypeRegistry          : addDescriptor(2005, org.hibernate.type.descriptor.sql.internal.CapacityDependentDdlType@3831f4c2) replaced previous registration(org.hibernate.type.descriptor.sql.internal.DdlTypeImpl@75f2ff80)
2024-08-02T14:02:09.984+07:00 DEBUG 14832 --- [drink-service] [main] o.h.t.d.sql.spi.DdlTypeRegistry          : addDescriptor(2011, org.hibernate.type.descriptor.sql.internal.CapacityDependentDdlType@253b1cbd) replaced previous registration(org.hibernate.type.descriptor.sql.internal.DdlTypeImpl@a859c5)
2024-08-02T14:02:11.146+07:00  INFO 14832 --- [drink-service] [main] o.h.e.t.j.p.i.JtaPlatformInitiator       : HHH000489: No JTA platform available (set 'hibernate.transaction.jta.platform' to enable JTA platform integration)
2024-08-02T14:02:11.146+07:00  INFO 14832 --- [drink-service] [main] j.LocalContainerEntityManagerFactoryBean : Initialized JPA EntityManagerFactory for persistence unit 'default'
2024-08-02T14:02:11.765+07:00  WARN 14832 --- [drink-service] [main] JpaBaseConfiguration$JpaWebConfiguration : spring.jpa.open-in-view is enabled by default. Therefore, database queries may be performed during view rendering. Explicitly configure spring.jpa.open-in-view to disable this warning
2024-08-02T14:02:12.110+07:00  INFO 14832 --- [drink-service] [main] o.s.c.openfeign.FeignClientFactoryBean   : For 'topping-service' URL not provided. Will try picking an instance via load-balancing.
2024-08-02T14:02:14.518+07:00  INFO 14832 --- [drink-service] [main] DiscoveryClientOptionalArgsConfiguration : Eureka HTTP Client uses RestTemplate.
2024-08-02T14:02:14.581+07:00  WARN 14832 --- [drink-service] [main] iguration$LoadBalancerCaffeineWarnLogger : Spring Cloud LoadBalancer is currently working with the default cache. While this cache implementation is useful for development and tests, it's recommended to use Caffeine cache in production.You can switch to using Caffeine cache, by adding it and org.springframework.cache.caffeine.CaffeineCacheManager to the classpath.
2024-08-02T14:02:14.689+07:00  INFO 14832 --- [drink-service] [main] o.s.c.n.eureka.InstanceInfoFactory       : Setting initial instance status as: STARTING
2024-08-02T14:02:14.707+07:00  INFO 14832 --- [drink-service] [main] com.netflix.discovery.DiscoveryClient    : Initializing Eureka in region us-east-1
2024-08-02T14:02:14.715+07:00  INFO 14832 --- [drink-service] [main] c.n.d.s.r.aws.ConfigClusterResolver      : Resolving eureka endpoints via configuration
2024-08-02T14:02:14.721+07:00  INFO 14832 --- [drink-service] [main] com.netflix.discovery.DiscoveryClient    : Disable delta property : false
2024-08-02T14:02:14.721+07:00  INFO 14832 --- [drink-service] [main] com.netflix.discovery.DiscoveryClient    : Single vip registry refresh property : null
2024-08-02T14:02:14.721+07:00  INFO 14832 --- [drink-service] [main] com.netflix.discovery.DiscoveryClient    : Force full registry fetch : false
2024-08-02T14:02:14.721+07:00  INFO 14832 --- [drink-service] [main] com.netflix.discovery.DiscoveryClient    : Application is null : false
2024-08-02T14:02:14.721+07:00  INFO 14832 --- [drink-service] [main] com.netflix.discovery.DiscoveryClient    : Registered Applications size is zero : true
2024-08-02T14:02:14.721+07:00  INFO 14832 --- [drink-service] [main] com.netflix.discovery.DiscoveryClient    : Application version is -1: true
2024-08-02T14:02:14.721+07:00  INFO 14832 --- [drink-service] [main] com.netflix.discovery.DiscoveryClient    : Getting all instance registry info from the eureka server
2024-08-02T14:02:15.143+07:00  INFO 14832 --- [drink-service] [main] com.netflix.discovery.DiscoveryClient    : The response status is 200
2024-08-02T14:02:15.143+07:00  INFO 14832 --- [drink-service] [main] com.netflix.discovery.DiscoveryClient    : Starting heartbeat executor: renew interval is: 30
2024-08-02T14:02:15.148+07:00  INFO 14832 --- [drink-service] [main] c.n.discovery.InstanceInfoReplicator     : InstanceInfoReplicator onDemand update allowed rate per min is 4
2024-08-02T14:02:15.148+07:00  INFO 14832 --- [drink-service] [main] com.netflix.discovery.DiscoveryClient    : Discovery Client initialized at timestamp 1722582135148 with initial instances count: 2
2024-08-02T14:02:15.148+07:00  INFO 14832 --- [drink-service] [main] o.s.c.n.e.s.EurekaServiceRegistry        : Registering application DRINK-SERVICE with eureka with status UP
2024-08-02T14:02:15.148+07:00  INFO 14832 --- [drink-service] [main] com.netflix.discovery.DiscoveryClient    : Saw local status change event StatusChangeEvent [timestamp=1722582135148, current=UP, previous=STARTING]
2024-08-02T14:02:15.148+07:00  INFO 14832 --- [drink-service] [DiscoveryClient-InstanceInfoReplicator-%d] com.netflix.discovery.DiscoveryClient    : DiscoveryClient_DRINK-SERVICE/host.docker.internal:drink-service:8000: registering service...
2024-08-02T14:02:15.206+07:00  INFO 14832 --- [drink-service] [main] o.s.b.w.embedded.tomcat.TomcatWebServer  : Tomcat started on port 8000 (http) with context path '/'
2024-08-02T14:02:15.206+07:00  INFO 14832 --- [drink-service] [main] .s.c.n.e.s.EurekaAutoServiceRegistration : Updating port to 8000
2024-08-02T14:02:15.231+07:00  INFO 14832 --- [drink-service] [DiscoveryClient-InstanceInfoReplicator-%d] com.netflix.discovery.DiscoveryClient    : DiscoveryClient_DRINK-SERVICE/host.docker.internal:drink-service:8000 - registration status: 204
2024-08-02T14:02:15.384+07:00  INFO 14832 --- [drink-service] [main] c.e.d.DrinkServiceApplication            : Started DrinkServiceApplication in 10.386 seconds (process running for 11.901)
2024-08-02T14:02:26.751+07:00  INFO 14832 --- [drink-service] [http-nio-8000-exec-1] o.a.c.c.C.[Tomcat].[localhost].[/]       : Initializing Spring DispatcherServlet 'dispatcherServlet'
2024-08-02T14:02:26.751+07:00  INFO 14832 --- [drink-service] [http-nio-8000-exec-1] o.s.web.servlet.DispatcherServlet        : Initializing Servlet 'dispatcherServlet'
2024-08-02T14:02:26.765+07:00  INFO 14832 --- [drink-service] [http-nio-8000-exec-1] o.s.web.servlet.DispatcherServlet        : Completed initialization in 0 ms
2024-08-02T14:27:32.644+07:00  INFO 12684 --- [drink-service] [main] c.e.d.DrinkServiceApplication            : Starting DrinkServiceApplication using Java 17.0.10 with PID 12684 (C:\Users\Admin\Downloads\Server\Quan_li_do_uong\drink-service\target\classes started by Admin in C:\Users\Admin\Downloads\Server\Quan_li_do_uong\drink-service)
2024-08-02T14:27:32.650+07:00  INFO 12684 --- [drink-service] [main] c.e.d.DrinkServiceApplication            : No active profile set, falling back to 1 default profile: "default"
2024-08-02T14:27:34.741+07:00  INFO 12684 --- [drink-service] [main] .s.d.r.c.RepositoryConfigurationDelegate : Bootstrapping Spring Data JPA repositories in DEFAULT mode.
2024-08-02T14:27:34.893+07:00  INFO 12684 --- [drink-service] [main] .s.d.r.c.RepositoryConfigurationDelegate : Finished Spring Data repository scanning in 136 ms. Found 1 JPA repository interface.
2024-08-02T14:27:35.598+07:00  INFO 12684 --- [drink-service] [main] o.s.cloud.context.scope.GenericScope     : BeanFactory id=96988224-1fd5-3768-be92-24e3a819434b
2024-08-02T14:27:36.141+07:00  WARN 12684 --- [drink-service] [main] trationDelegate$BeanPostProcessorChecker : Bean 'org.springframework.cloud.client.loadbalancer.LoadBalancerAutoConfiguration$DeferringLoadBalancerInterceptorConfig' of type [org.springframework.cloud.client.loadbalancer.LoadBalancerAutoConfiguration$DeferringLoadBalancerInterceptorConfig] is not eligible for getting processed by all BeanPostProcessors (for example: not eligible for auto-proxying). The currently created BeanPostProcessor [lbRestClientPostProcessor] is declared through a non-static factory method on that class; consider declaring it as static instead.
2024-08-02T14:27:36.149+07:00  WARN 12684 --- [drink-service] [main] trationDelegate$BeanPostProcessorChecker : Bean 'deferringLoadBalancerInterceptor' of type [org.springframework.cloud.client.loadbalancer.DeferringLoadBalancerInterceptor] is not eligible for getting processed by all BeanPostProcessors (for example: not eligible for auto-proxying). Is this bean getting eagerly injected into a currently created BeanPostProcessor [lbRestClientPostProcessor]? Check the corresponding BeanPostProcessor declaration and its dependencies.
2024-08-02T14:27:36.908+07:00  INFO 12684 --- [drink-service] [main] o.s.b.w.embedded.tomcat.TomcatWebServer  : Tomcat initialized with port 8000 (http)
2024-08-02T14:27:36.936+07:00  INFO 12684 --- [drink-service] [main] o.apache.catalina.core.StandardService   : Starting service [Tomcat]
2024-08-02T14:27:36.937+07:00  INFO 12684 --- [drink-service] [main] o.apache.catalina.core.StandardEngine    : Starting Servlet engine: [Apache Tomcat/10.1.26]
2024-08-02T14:27:37.110+07:00  INFO 12684 --- [drink-service] [main] o.a.c.c.C.[Tomcat].[localhost].[/]       : Initializing Spring embedded WebApplicationContext
2024-08-02T14:27:37.110+07:00  INFO 12684 --- [drink-service] [main] w.s.c.ServletWebServerApplicationContext : Root WebApplicationContext: initialization completed in 4336 ms
2024-08-02T14:27:37.487+07:00  INFO 12684 --- [drink-service] [main] o.hibernate.jpa.internal.util.LogHelper  : HHH000204: Processing PersistenceUnitInfo [name: default]
2024-08-02T14:27:37.568+07:00  INFO 12684 --- [drink-service] [main] org.hibernate.Version                    : HHH000412: Hibernate ORM core version 6.5.2.Final
2024-08-02T14:27:37.615+07:00  INFO 12684 --- [drink-service] [main] o.h.c.internal.RegionFactoryInitiator    : HHH000026: Second-level cache disabled
2024-08-02T14:27:38.055+07:00  INFO 12684 --- [drink-service] [main] o.s.o.j.p.SpringPersistenceUnitInfo      : No LoadTimeWeaver setup: ignoring JPA class transformer
2024-08-02T14:27:38.091+07:00  INFO 12684 --- [drink-service] [main] com.zaxxer.hikari.HikariDataSource       : HikariPool-1 - Starting...
2024-08-02T14:27:38.504+07:00  INFO 12684 --- [drink-service] [main] com.zaxxer.hikari.pool.HikariPool        : HikariPool-1 - Added connection com.mysql.cj.jdbc.ConnectionImpl@39685204
2024-08-02T14:27:38.508+07:00  INFO 12684 --- [drink-service] [main] com.zaxxer.hikari.HikariDataSource       : HikariPool-1 - Start completed.
2024-08-02T14:27:38.639+07:00 DEBUG 12684 --- [drink-service] [main] o.h.t.d.sql.spi.DdlTypeRegistry          : addDescriptor(12, org.hibernate.type.descriptor.sql.internal.CapacityDependentDdlType@44f23927) replaced previous registration(org.hibernate.type.descriptor.sql.internal.CapacityDependentDdlType@59cde35)
2024-08-02T14:27:38.640+07:00 DEBUG 12684 --- [drink-service] [main] o.h.t.d.sql.spi.DdlTypeRegistry          : addDescriptor(-9, org.hibernate.type.descriptor.sql.internal.CapacityDependentDdlType@43de9fc9) replaced previous registration(org.hibernate.type.descriptor.sql.internal.CapacityDependentDdlType@2d3eb1ea)
2024-08-02T14:27:38.640+07:00 DEBUG 12684 --- [drink-service] [main] o.h.t.d.sql.spi.DdlTypeRegistry          : addDescriptor(-3, org.hibernate.type.descriptor.sql.internal.CapacityDependentDdlType@78508e6b) replaced previous registration(org.hibernate.type.descriptor.sql.internal.CapacityDependentDdlType@1bde9a22)
2024-08-02T14:27:38.641+07:00 DEBUG 12684 --- [drink-service] [main] o.h.t.d.sql.spi.DdlTypeRegistry          : addDescriptor(4003, org.hibernate.type.descriptor.sql.internal.DdlTypeImpl@2cc97e47) replaced previous registration(org.hibernate.type.descriptor.sql.internal.DdlTypeImpl@74a03bd5)
2024-08-02T14:27:38.641+07:00 DEBUG 12684 --- [drink-service] [main] o.h.t.d.sql.spi.DdlTypeRegistry          : addDescriptor(4001, org.hibernate.type.descriptor.sql.internal.DdlTypeImpl@87fc0fc) replaced previous registration(org.hibernate.type.descriptor.sql.internal.DdlTypeImpl@671f545b)
2024-08-02T14:27:38.641+07:00 DEBUG 12684 --- [drink-service] [main] o.h.t.d.sql.spi.DdlTypeRegistry          : addDescriptor(4002, org.hibernate.type.descriptor.sql.internal.DdlTypeImpl@c335b9) replaced previous registration(org.hibernate.type.descriptor.sql.internal.DdlTypeImpl@75c8d8e7)
2024-08-02T14:27:38.642+07:00 DEBUG 12684 --- [drink-service] [main] o.h.t.d.sql.spi.DdlTypeRegistry          : addDescriptor(2004, org.hibernate.type.descriptor.sql.internal.CapacityDependentDdlType@3c68e82) replaced previous registration(org.hibernate.type.descriptor.sql.internal.DdlTypeImpl@1e66bf2d)
2024-08-02T14:27:38.642+07:00 DEBUG 12684 --- [drink-service] [main] o.h.t.d.sql.spi.DdlTypeRegistry          : addDescriptor(2005, org.hibernate.type.descriptor.sql.internal.CapacityDependentDdlType@7112fa5) replaced previous registration(org.hibernate.type.descriptor.sql.internal.DdlTypeImpl@342dc040)
2024-08-02T14:27:38.642+07:00 DEBUG 12684 --- [drink-service] [main] o.h.t.d.sql.spi.DdlTypeRegistry          : addDescriptor(2011, org.hibernate.type.descriptor.sql.internal.CapacityDependentDdlType@3a8ead9) replaced previous registration(org.hibernate.type.descriptor.sql.internal.DdlTypeImpl@281ca256)
2024-08-02T14:27:40.038+07:00  INFO 12684 --- [drink-service] [main] o.h.e.t.j.p.i.JtaPlatformInitiator       : HHH000489: No JTA platform available (set 'hibernate.transaction.jta.platform' to enable JTA platform integration)
2024-08-02T14:27:40.044+07:00  INFO 12684 --- [drink-service] [main] j.LocalContainerEntityManagerFactoryBean : Initialized JPA EntityManagerFactory for persistence unit 'default'
2024-08-02T14:27:41.165+07:00  WARN 12684 --- [drink-service] [main] JpaBaseConfiguration$JpaWebConfiguration : spring.jpa.open-in-view is enabled by default. Therefore, database queries may be performed during view rendering. Explicitly configure spring.jpa.open-in-view to disable this warning
2024-08-02T14:27:41.826+07:00  INFO 12684 --- [drink-service] [main] o.s.c.openfeign.FeignClientFactoryBean   : For 'topping-service' URL not provided. Will try picking an instance via load-balancing.
2024-08-02T14:27:46.954+07:00  INFO 12684 --- [drink-service] [main] DiscoveryClientOptionalArgsConfiguration : Eureka HTTP Client uses RestTemplate.
2024-08-02T14:27:47.086+07:00  WARN 12684 --- [drink-service] [main] iguration$LoadBalancerCaffeineWarnLogger : Spring Cloud LoadBalancer is currently working with the default cache. While this cache implementation is useful for development and tests, it's recommended to use Caffeine cache in production.You can switch to using Caffeine cache, by adding it and org.springframework.cache.caffeine.CaffeineCacheManager to the classpath.
2024-08-02T14:27:47.283+07:00  INFO 12684 --- [drink-service] [main] o.s.c.n.eureka.InstanceInfoFactory       : Setting initial instance status as: STARTING
2024-08-02T14:27:47.358+07:00  INFO 12684 --- [drink-service] [main] com.netflix.discovery.DiscoveryClient    : Initializing Eureka in region us-east-1
2024-08-02T14:27:47.366+07:00  INFO 12684 --- [drink-service] [main] c.n.d.s.r.aws.ConfigClusterResolver      : Resolving eureka endpoints via configuration
2024-08-02T14:27:47.383+07:00  INFO 12684 --- [drink-service] [main] com.netflix.discovery.DiscoveryClient    : Disable delta property : false
2024-08-02T14:27:47.383+07:00  INFO 12684 --- [drink-service] [main] com.netflix.discovery.DiscoveryClient    : Single vip registry refresh property : null
2024-08-02T14:27:47.383+07:00  INFO 12684 --- [drink-service] [main] com.netflix.discovery.DiscoveryClient    : Force full registry fetch : false
2024-08-02T14:27:47.383+07:00  INFO 12684 --- [drink-service] [main] com.netflix.discovery.DiscoveryClient    : Application is null : false
2024-08-02T14:27:47.383+07:00  INFO 12684 --- [drink-service] [main] com.netflix.discovery.DiscoveryClient    : Registered Applications size is zero : true
2024-08-02T14:27:47.384+07:00  INFO 12684 --- [drink-service] [main] com.netflix.discovery.DiscoveryClient    : Application version is -1: true
2024-08-02T14:27:47.384+07:00  INFO 12684 --- [drink-service] [main] com.netflix.discovery.DiscoveryClient    : Getting all instance registry info from the eureka server
2024-08-02T14:27:48.246+07:00  INFO 12684 --- [drink-service] [main] com.netflix.discovery.DiscoveryClient    : The response status is 200
2024-08-02T14:27:48.250+07:00  INFO 12684 --- [drink-service] [main] com.netflix.discovery.DiscoveryClient    : Starting heartbeat executor: renew interval is: 30
2024-08-02T14:27:48.254+07:00  INFO 12684 --- [drink-service] [main] c.n.discovery.InstanceInfoReplicator     : InstanceInfoReplicator onDemand update allowed rate per min is 4
2024-08-02T14:27:48.259+07:00  INFO 12684 --- [drink-service] [main] com.netflix.discovery.DiscoveryClient    : Discovery Client initialized at timestamp 1722583668257 with initial instances count: 0
2024-08-02T14:27:48.294+07:00  INFO 12684 --- [drink-service] [main] o.s.c.n.e.s.EurekaServiceRegistry        : Registering application DRINK-SERVICE with eureka with status UP
2024-08-02T14:27:48.295+07:00  INFO 12684 --- [drink-service] [main] com.netflix.discovery.DiscoveryClient    : Saw local status change event StatusChangeEvent [timestamp=1722583668295, current=UP, previous=STARTING]
2024-08-02T14:27:48.298+07:00  INFO 12684 --- [drink-service] [DiscoveryClient-InstanceInfoReplicator-%d] com.netflix.discovery.DiscoveryClient    : DiscoveryClient_DRINK-SERVICE/host.docker.internal:drink-service:8000: registering service...
2024-08-02T14:27:48.355+07:00  INFO 12684 --- [drink-service] [main] o.s.b.w.embedded.tomcat.TomcatWebServer  : Tomcat started on port 8000 (http) with context path '/'
2024-08-02T14:27:48.358+07:00  INFO 12684 --- [drink-service] [main] .s.c.n.e.s.EurekaAutoServiceRegistration : Updating port to 8000
2024-08-02T14:27:48.399+07:00  INFO 12684 --- [drink-service] [DiscoveryClient-InstanceInfoReplicator-%d] com.netflix.discovery.DiscoveryClient    : DiscoveryClient_DRINK-SERVICE/host.docker.internal:drink-service:8000 - registration status: 204
2024-08-02T14:27:48.955+07:00  INFO 12684 --- [drink-service] [main] c.e.d.DrinkServiceApplication            : Started DrinkServiceApplication in 18.194 seconds (process running for 20.362)
2024-08-02T14:28:18.254+07:00  INFO 12684 --- [drink-service] [DiscoveryClient-CacheRefreshExecutor-%d] com.netflix.discovery.DiscoveryClient    : Disable delta property : false
2024-08-02T14:28:18.255+07:00  INFO 12684 --- [drink-service] [DiscoveryClient-CacheRefreshExecutor-%d] com.netflix.discovery.DiscoveryClient    : Single vip registry refresh property : null
2024-08-02T14:28:18.255+07:00  INFO 12684 --- [drink-service] [DiscoveryClient-CacheRefreshExecutor-%d] com.netflix.discovery.DiscoveryClient    : Force full registry fetch : false
2024-08-02T14:28:18.255+07:00  INFO 12684 --- [drink-service] [DiscoveryClient-CacheRefreshExecutor-%d] com.netflix.discovery.DiscoveryClient    : Application is null : false
2024-08-02T14:28:18.256+07:00  INFO 12684 --- [drink-service] [DiscoveryClient-CacheRefreshExecutor-%d] com.netflix.discovery.DiscoveryClient    : Registered Applications size is zero : true
2024-08-02T14:28:18.256+07:00  INFO 12684 --- [drink-service] [DiscoveryClient-CacheRefreshExecutor-%d] com.netflix.discovery.DiscoveryClient    : Application version is -1: false
2024-08-02T14:28:18.257+07:00  INFO 12684 --- [drink-service] [DiscoveryClient-CacheRefreshExecutor-%d] com.netflix.discovery.DiscoveryClient    : Getting all instance registry info from the eureka server
2024-08-02T14:28:18.297+07:00  INFO 12684 --- [drink-service] [DiscoveryClient-CacheRefreshExecutor-%d] com.netflix.discovery.DiscoveryClient    : The response status is 200
2024-08-02T14:32:47.399+07:00  INFO 12684 --- [drink-service] [AsyncResolver-bootstrap-executor-%d] c.n.d.s.r.aws.ConfigClusterResolver      : Resolving eureka endpoints via configuration
2024-08-02T14:37:47.405+07:00  INFO 12684 --- [drink-service] [AsyncResolver-bootstrap-executor-%d] c.n.d.s.r.aws.ConfigClusterResolver      : Resolving eureka endpoints via configuration
